<?xml version="1.0" encoding="UTF-8"?>
<testng-results skipped="0" failed="4" total="4" passed="0">
  <reporter-output>
  </reporter-output>
  <suite name="Suite" duration-ms="8016" started-at="2023-07-10T05:21:37Z" finished-at="2023-07-10T05:21:45Z">
    <groups>
    </groups>
    <test name="Test" duration-ms="8016" started-at="2023-07-10T05:21:37Z" finished-at="2023-07-10T05:21:45Z">
      <class name="customerMigration.migrationEntry">
        <test-method status="FAIL" signature="migrationFunction([Ljava.lang.String;)[pri:0, instance:customerMigration.migrationEntry@7c16905e]" name="migrationFunction" duration-ms="3426" started-at="2023-07-10T10:21:38Z" data-provider="registrationGroup" finished-at="2023-07-10T10:21:42Z">
          <params>
            <param index="0">
              <value>
                <![CDATA[[Ljava.lang.String;@1794d431]]>
              </value>
            </param>
          </params>
          <exception class="org.openqa.selenium.SessionNotCreatedException">
            <message>
              <![CDATA[session not created: This version of ChromeDriver only supports Chrome version 104
Current browser version is 114.0.5735.199 with binary path C:\Program Files (x86)\Google\Chrome\Application\chrome.exe
Build info: version: '3.141.59', revision: 'e82be7d358', time: '2018-11-14T08:25:48'
System info: host: 'ATLRW-ARIFFAMM1', ip: '10.11.11.54', os.name: 'Windows 10', os.arch: 'amd64', os.version: '10.0', java.version: '1.8.0_152'
Driver info: driver.version: ChromeDriver
remote stacktrace: Backtrace:
	Ordinal0 [0x00CE78B3+2193587]
	Ordinal0 [0x00C80681+1771137]
	Ordinal0 [0x00B941A8+803240]
	Ordinal0 [0x00BB5CC3+941251]
	Ordinal0 [0x00BB13EF+922607]
	Ordinal0 [0x00BAEBC1+912321]
	Ordinal0 [0x00BE23B0+1123248]
	Ordinal0 [0x00BE200A+1122314]
	Ordinal0 [0x00BDD5C6+1103302]
	Ordinal0 [0x00BB77E0+948192]
	Ordinal0 [0x00BB86E6+952038]
	GetHandleVerifier [0x00F90CB2+2738370]
	GetHandleVerifier [0x00F821B8+2678216]
	GetHandleVerifier [0x00D717AA+512954]
	GetHandleVerifier [0x00D70856+509030]
	Ordinal0 [0x00C8743B+1799227]
	Ordinal0 [0x00C8BB68+1817448]
	Ordinal0 [0x00C8BC55+1817685]
	Ordinal0 [0x00C95230+1856048]
	BaseThreadInitThunk [0x77668674+36]
	RtlGetAppContainerNamedObjectPath [0x77C25EC7+311]
	RtlGetAppContainerNamedObjectPath [0x77C25E97+263]
]]>
            </message>
            <full-stacktrace>
              <![CDATA[org.openqa.selenium.SessionNotCreatedException: session not created: This version of ChromeDriver only supports Chrome version 104
Current browser version is 114.0.5735.199 with binary path C:\Program Files (x86)\Google\Chrome\Application\chrome.exe
Build info: version: '3.141.59', revision: 'e82be7d358', time: '2018-11-14T08:25:48'
System info: host: 'ATLRW-ARIFFAMM1', ip: '10.11.11.54', os.name: 'Windows 10', os.arch: 'amd64', os.version: '10.0', java.version: '1.8.0_152'
Driver info: driver.version: ChromeDriver
remote stacktrace: Backtrace:
	Ordinal0 [0x00CE78B3+2193587]
	Ordinal0 [0x00C80681+1771137]
	Ordinal0 [0x00B941A8+803240]
	Ordinal0 [0x00BB5CC3+941251]
	Ordinal0 [0x00BB13EF+922607]
	Ordinal0 [0x00BAEBC1+912321]
	Ordinal0 [0x00BE23B0+1123248]
	Ordinal0 [0x00BE200A+1122314]
	Ordinal0 [0x00BDD5C6+1103302]
	Ordinal0 [0x00BB77E0+948192]
	Ordinal0 [0x00BB86E6+952038]
	GetHandleVerifier [0x00F90CB2+2738370]
	GetHandleVerifier [0x00F821B8+2678216]
	GetHandleVerifier [0x00D717AA+512954]
	GetHandleVerifier [0x00D70856+509030]
	Ordinal0 [0x00C8743B+1799227]
	Ordinal0 [0x00C8BB68+1817448]
	Ordinal0 [0x00C8BC55+1817685]
	Ordinal0 [0x00C95230+1856048]
	BaseThreadInitThunk [0x77668674+36]
	RtlGetAppContainerNamedObjectPath [0x77C25EC7+311]
	RtlGetAppContainerNamedObjectPath [0x77C25E97+263]

	at sun.reflect.NativeConstructorAccessorImpl.newInstance0(Native Method)
	at sun.reflect.NativeConstructorAccessorImpl.newInstance(Unknown Source)
	at sun.reflect.DelegatingConstructorAccessorImpl.newInstance(Unknown Source)
	at java.lang.reflect.Constructor.newInstance(Unknown Source)
	at org.openqa.selenium.remote.W3CHandshakeResponse.lambda$errorHandler$0(W3CHandshakeResponse.java:62)
	at org.openqa.selenium.remote.HandshakeResponse.lambda$getResponseFunction$0(HandshakeResponse.java:30)
	at org.openqa.selenium.remote.ProtocolHandshake.lambda$createSession$0(ProtocolHandshake.java:126)
	at java.util.stream.ReferencePipeline$3$1.accept(Unknown Source)
	at java.util.Spliterators$ArraySpliterator.tryAdvance(Unknown Source)
	at java.util.stream.ReferencePipeline.forEachWithCancel(Unknown Source)
	at java.util.stream.AbstractPipeline.copyIntoWithCancel(Unknown Source)
	at java.util.stream.AbstractPipeline.copyInto(Unknown Source)
	at java.util.stream.AbstractPipeline.wrapAndCopyInto(Unknown Source)
	at java.util.stream.FindOps$FindOp.evaluateSequential(Unknown Source)
	at java.util.stream.AbstractPipeline.evaluate(Unknown Source)
	at java.util.stream.ReferencePipeline.findFirst(Unknown Source)
	at org.openqa.selenium.remote.ProtocolHandshake.createSession(ProtocolHandshake.java:128)
	at org.openqa.selenium.remote.ProtocolHandshake.createSession(ProtocolHandshake.java:74)
	at org.openqa.selenium.remote.HttpCommandExecutor.execute(HttpCommandExecutor.java:136)
	at org.openqa.selenium.remote.service.DriverCommandExecutor.execute(DriverCommandExecutor.java:83)
	at org.openqa.selenium.remote.RemoteWebDriver.execute(RemoteWebDriver.java:552)
	at org.openqa.selenium.remote.RemoteWebDriver.startSession(RemoteWebDriver.java:213)
	at org.openqa.selenium.remote.RemoteWebDriver.<init>(RemoteWebDriver.java:131)
	at org.openqa.selenium.chrome.ChromeDriver.<init>(ChromeDriver.java:181)
	at org.openqa.selenium.chrome.ChromeDriver.<init>(ChromeDriver.java:168)
	at org.openqa.selenium.chrome.ChromeDriver.<init>(ChromeDriver.java:123)
	at customerMigration.migrationEntry.migrationFunction(migrationEntry.java:31)
	at sun.reflect.NativeMethodAccessorImpl.invoke0(Native Method)
	at sun.reflect.NativeMethodAccessorImpl.invoke(Unknown Source)
	at sun.reflect.DelegatingMethodAccessorImpl.invoke(Unknown Source)
	at java.lang.reflect.Method.invoke(Unknown Source)
	at org.testng.internal.MethodInvocationHelper.invokeMethod(MethodInvocationHelper.java:86)
	at org.testng.internal.Invoker.invokeMethod(Invoker.java:646)
	at org.testng.internal.Invoker.invokeTestMethod(Invoker.java:823)
	at org.testng.internal.Invoker.invokeTestMethods(Invoker.java:1131)
	at org.testng.internal.TestMethodWorker.invokeTestMethods(TestMethodWorker.java:129)
	at org.testng.internal.TestMethodWorker.run(TestMethodWorker.java:112)
	at java.util.concurrent.ThreadPoolExecutor.runWorker(Unknown Source)
	at java.util.concurrent.ThreadPoolExecutor$Worker.run(Unknown Source)
	at java.lang.Thread.run(Unknown Source)
]]>
            </full-stacktrace>
          </exception> <!-- org.openqa.selenium.SessionNotCreatedException -->
          <reporter-output>
          </reporter-output>
        </test-method> <!-- migrationFunction -->
        <test-method status="FAIL" signature="migrationFunction([Ljava.lang.String;)[pri:0, instance:customerMigration.migrationEntry@7c16905e]" name="migrationFunction" duration-ms="1286" started-at="2023-07-10T10:21:42Z" data-provider="registrationGroup" finished-at="2023-07-10T10:21:43Z">
          <params>
            <param index="0">
              <value>
                <![CDATA[[Ljava.lang.String;@42e26948]]>
              </value>
            </param>
          </params>
          <exception class="org.openqa.selenium.SessionNotCreatedException">
            <message>
              <![CDATA[session not created: This version of ChromeDriver only supports Chrome version 104
Current browser version is 114.0.5735.199 with binary path C:\Program Files (x86)\Google\Chrome\Application\chrome.exe
Build info: version: '3.141.59', revision: 'e82be7d358', time: '2018-11-14T08:25:48'
System info: host: 'ATLRW-ARIFFAMM1', ip: '10.11.11.54', os.name: 'Windows 10', os.arch: 'amd64', os.version: '10.0', java.version: '1.8.0_152'
Driver info: driver.version: ChromeDriver
remote stacktrace: Backtrace:
	Ordinal0 [0x00CE78B3+2193587]
	Ordinal0 [0x00C80681+1771137]
	Ordinal0 [0x00B941A8+803240]
	Ordinal0 [0x00BB5CC3+941251]
	Ordinal0 [0x00BB13EF+922607]
	Ordinal0 [0x00BAEBC1+912321]
	Ordinal0 [0x00BE23B0+1123248]
	Ordinal0 [0x00BE200A+1122314]
	Ordinal0 [0x00BDD5C6+1103302]
	Ordinal0 [0x00BB77E0+948192]
	Ordinal0 [0x00BB86E6+952038]
	GetHandleVerifier [0x00F90CB2+2738370]
	GetHandleVerifier [0x00F821B8+2678216]
	GetHandleVerifier [0x00D717AA+512954]
	GetHandleVerifier [0x00D70856+509030]
	Ordinal0 [0x00C8743B+1799227]
	Ordinal0 [0x00C8BB68+1817448]
	Ordinal0 [0x00C8BC55+1817685]
	Ordinal0 [0x00C95230+1856048]
	BaseThreadInitThunk [0x77668674+36]
	RtlGetAppContainerNamedObjectPath [0x77C25EC7+311]
	RtlGetAppContainerNamedObjectPath [0x77C25E97+263]
]]>
            </message>
            <full-stacktrace>
              <![CDATA[org.openqa.selenium.SessionNotCreatedException: session not created: This version of ChromeDriver only supports Chrome version 104
Current browser version is 114.0.5735.199 with binary path C:\Program Files (x86)\Google\Chrome\Application\chrome.exe
Build info: version: '3.141.59', revision: 'e82be7d358', time: '2018-11-14T08:25:48'
System info: host: 'ATLRW-ARIFFAMM1', ip: '10.11.11.54', os.name: 'Windows 10', os.arch: 'amd64', os.version: '10.0', java.version: '1.8.0_152'
Driver info: driver.version: ChromeDriver
remote stacktrace: Backtrace:
	Ordinal0 [0x00CE78B3+2193587]
	Ordinal0 [0x00C80681+1771137]
	Ordinal0 [0x00B941A8+803240]
	Ordinal0 [0x00BB5CC3+941251]
	Ordinal0 [0x00BB13EF+922607]
	Ordinal0 [0x00BAEBC1+912321]
	Ordinal0 [0x00BE23B0+1123248]
	Ordinal0 [0x00BE200A+1122314]
	Ordinal0 [0x00BDD5C6+1103302]
	Ordinal0 [0x00BB77E0+948192]
	Ordinal0 [0x00BB86E6+952038]
	GetHandleVerifier [0x00F90CB2+2738370]
	GetHandleVerifier [0x00F821B8+2678216]
	GetHandleVerifier [0x00D717AA+512954]
	GetHandleVerifier [0x00D70856+509030]
	Ordinal0 [0x00C8743B+1799227]
	Ordinal0 [0x00C8BB68+1817448]
	Ordinal0 [0x00C8BC55+1817685]
	Ordinal0 [0x00C95230+1856048]
	BaseThreadInitThunk [0x77668674+36]
	RtlGetAppContainerNamedObjectPath [0x77C25EC7+311]
	RtlGetAppContainerNamedObjectPath [0x77C25E97+263]

	at sun.reflect.NativeConstructorAccessorImpl.newInstance0(Native Method)
	at sun.reflect.NativeConstructorAccessorImpl.newInstance(Unknown Source)
	at sun.reflect.DelegatingConstructorAccessorImpl.newInstance(Unknown Source)
	at java.lang.reflect.Constructor.newInstance(Unknown Source)
	at org.openqa.selenium.remote.W3CHandshakeResponse.lambda$errorHandler$0(W3CHandshakeResponse.java:62)
	at org.openqa.selenium.remote.HandshakeResponse.lambda$getResponseFunction$0(HandshakeResponse.java:30)
	at org.openqa.selenium.remote.ProtocolHandshake.lambda$createSession$0(ProtocolHandshake.java:126)
	at java.util.stream.ReferencePipeline$3$1.accept(Unknown Source)
	at java.util.Spliterators$ArraySpliterator.tryAdvance(Unknown Source)
	at java.util.stream.ReferencePipeline.forEachWithCancel(Unknown Source)
	at java.util.stream.AbstractPipeline.copyIntoWithCancel(Unknown Source)
	at java.util.stream.AbstractPipeline.copyInto(Unknown Source)
	at java.util.stream.AbstractPipeline.wrapAndCopyInto(Unknown Source)
	at java.util.stream.FindOps$FindOp.evaluateSequential(Unknown Source)
	at java.util.stream.AbstractPipeline.evaluate(Unknown Source)
	at java.util.stream.ReferencePipeline.findFirst(Unknown Source)
	at org.openqa.selenium.remote.ProtocolHandshake.createSession(ProtocolHandshake.java:128)
	at org.openqa.selenium.remote.ProtocolHandshake.createSession(ProtocolHandshake.java:74)
	at org.openqa.selenium.remote.HttpCommandExecutor.execute(HttpCommandExecutor.java:136)
	at org.openqa.selenium.remote.service.DriverCommandExecutor.execute(DriverCommandExecutor.java:83)
	at org.openqa.selenium.remote.RemoteWebDriver.execute(RemoteWebDriver.java:552)
	at org.openqa.selenium.remote.RemoteWebDriver.startSession(RemoteWebDriver.java:213)
	at org.openqa.selenium.remote.RemoteWebDriver.<init>(RemoteWebDriver.java:131)
	at org.openqa.selenium.chrome.ChromeDriver.<init>(ChromeDriver.java:181)
	at org.openqa.selenium.chrome.ChromeDriver.<init>(ChromeDriver.java:168)
	at org.openqa.selenium.chrome.ChromeDriver.<init>(ChromeDriver.java:123)
	at customerMigration.migrationEntry.migrationFunction(migrationEntry.java:31)
	at sun.reflect.NativeMethodAccessorImpl.invoke0(Native Method)
	at sun.reflect.NativeMethodAccessorImpl.invoke(Unknown Source)
	at sun.reflect.DelegatingMethodAccessorImpl.invoke(Unknown Source)
	at java.lang.reflect.Method.invoke(Unknown Source)
	at org.testng.internal.MethodInvocationHelper.invokeMethod(MethodInvocationHelper.java:86)
	at org.testng.internal.Invoker.invokeMethod(Invoker.java:646)
	at org.testng.internal.Invoker.invokeTestMethod(Invoker.java:823)
	at org.testng.internal.Invoker.invokeTestMethods(Invoker.java:1131)
	at org.testng.internal.TestMethodWorker.invokeTestMethods(TestMethodWorker.java:129)
	at org.testng.internal.TestMethodWorker.run(TestMethodWorker.java:112)
	at java.util.concurrent.ThreadPoolExecutor.runWorker(Unknown Source)
	at java.util.concurrent.ThreadPoolExecutor$Worker.run(Unknown Source)
	at java.lang.Thread.run(Unknown Source)
]]>
            </full-stacktrace>
          </exception> <!-- org.openqa.selenium.SessionNotCreatedException -->
          <reporter-output>
          </reporter-output>
        </test-method> <!-- migrationFunction -->
        <test-method status="FAIL" signature="migrationFunction([Ljava.lang.String;)[pri:0, instance:customerMigration.migrationEntry@7c16905e]" name="migrationFunction" duration-ms="1379" started-at="2023-07-10T10:21:43Z" data-provider="registrationGroup" finished-at="2023-07-10T10:21:44Z">
          <params>
            <param index="0">
              <value>
                <![CDATA[[Ljava.lang.String;@57baeedf]]>
              </value>
            </param>
          </params>
          <exception class="org.openqa.selenium.SessionNotCreatedException">
            <message>
              <![CDATA[session not created: This version of ChromeDriver only supports Chrome version 104
Current browser version is 114.0.5735.199 with binary path C:\Program Files (x86)\Google\Chrome\Application\chrome.exe
Build info: version: '3.141.59', revision: 'e82be7d358', time: '2018-11-14T08:25:48'
System info: host: 'ATLRW-ARIFFAMM1', ip: '10.11.11.54', os.name: 'Windows 10', os.arch: 'amd64', os.version: '10.0', java.version: '1.8.0_152'
Driver info: driver.version: ChromeDriver
remote stacktrace: Backtrace:
	Ordinal0 [0x00CE78B3+2193587]
	Ordinal0 [0x00C80681+1771137]
	Ordinal0 [0x00B941A8+803240]
	Ordinal0 [0x00BB5CC3+941251]
	Ordinal0 [0x00BB13EF+922607]
	Ordinal0 [0x00BAEBC1+912321]
	Ordinal0 [0x00BE23B0+1123248]
	Ordinal0 [0x00BE200A+1122314]
	Ordinal0 [0x00BDD5C6+1103302]
	Ordinal0 [0x00BB77E0+948192]
	Ordinal0 [0x00BB86E6+952038]
	GetHandleVerifier [0x00F90CB2+2738370]
	GetHandleVerifier [0x00F821B8+2678216]
	GetHandleVerifier [0x00D717AA+512954]
	GetHandleVerifier [0x00D70856+509030]
	Ordinal0 [0x00C8743B+1799227]
	Ordinal0 [0x00C8BB68+1817448]
	Ordinal0 [0x00C8BC55+1817685]
	Ordinal0 [0x00C95230+1856048]
	BaseThreadInitThunk [0x77668674+36]
	RtlGetAppContainerNamedObjectPath [0x77C25EC7+311]
	RtlGetAppContainerNamedObjectPath [0x77C25E97+263]
]]>
            </message>
            <full-stacktrace>
              <![CDATA[org.openqa.selenium.SessionNotCreatedException: session not created: This version of ChromeDriver only supports Chrome version 104
Current browser version is 114.0.5735.199 with binary path C:\Program Files (x86)\Google\Chrome\Application\chrome.exe
Build info: version: '3.141.59', revision: 'e82be7d358', time: '2018-11-14T08:25:48'
System info: host: 'ATLRW-ARIFFAMM1', ip: '10.11.11.54', os.name: 'Windows 10', os.arch: 'amd64', os.version: '10.0', java.version: '1.8.0_152'
Driver info: driver.version: ChromeDriver
remote stacktrace: Backtrace:
	Ordinal0 [0x00CE78B3+2193587]
	Ordinal0 [0x00C80681+1771137]
	Ordinal0 [0x00B941A8+803240]
	Ordinal0 [0x00BB5CC3+941251]
	Ordinal0 [0x00BB13EF+922607]
	Ordinal0 [0x00BAEBC1+912321]
	Ordinal0 [0x00BE23B0+1123248]
	Ordinal0 [0x00BE200A+1122314]
	Ordinal0 [0x00BDD5C6+1103302]
	Ordinal0 [0x00BB77E0+948192]
	Ordinal0 [0x00BB86E6+952038]
	GetHandleVerifier [0x00F90CB2+2738370]
	GetHandleVerifier [0x00F821B8+2678216]
	GetHandleVerifier [0x00D717AA+512954]
	GetHandleVerifier [0x00D70856+509030]
	Ordinal0 [0x00C8743B+1799227]
	Ordinal0 [0x00C8BB68+1817448]
	Ordinal0 [0x00C8BC55+1817685]
	Ordinal0 [0x00C95230+1856048]
	BaseThreadInitThunk [0x77668674+36]
	RtlGetAppContainerNamedObjectPath [0x77C25EC7+311]
	RtlGetAppContainerNamedObjectPath [0x77C25E97+263]

	at sun.reflect.NativeConstructorAccessorImpl.newInstance0(Native Method)
	at sun.reflect.NativeConstructorAccessorImpl.newInstance(Unknown Source)
	at sun.reflect.DelegatingConstructorAccessorImpl.newInstance(Unknown Source)
	at java.lang.reflect.Constructor.newInstance(Unknown Source)
	at org.openqa.selenium.remote.W3CHandshakeResponse.lambda$errorHandler$0(W3CHandshakeResponse.java:62)
	at org.openqa.selenium.remote.HandshakeResponse.lambda$getResponseFunction$0(HandshakeResponse.java:30)
	at org.openqa.selenium.remote.ProtocolHandshake.lambda$createSession$0(ProtocolHandshake.java:126)
	at java.util.stream.ReferencePipeline$3$1.accept(Unknown Source)
	at java.util.Spliterators$ArraySpliterator.tryAdvance(Unknown Source)
	at java.util.stream.ReferencePipeline.forEachWithCancel(Unknown Source)
	at java.util.stream.AbstractPipeline.copyIntoWithCancel(Unknown Source)
	at java.util.stream.AbstractPipeline.copyInto(Unknown Source)
	at java.util.stream.AbstractPipeline.wrapAndCopyInto(Unknown Source)
	at java.util.stream.FindOps$FindOp.evaluateSequential(Unknown Source)
	at java.util.stream.AbstractPipeline.evaluate(Unknown Source)
	at java.util.stream.ReferencePipeline.findFirst(Unknown Source)
	at org.openqa.selenium.remote.ProtocolHandshake.createSession(ProtocolHandshake.java:128)
	at org.openqa.selenium.remote.ProtocolHandshake.createSession(ProtocolHandshake.java:74)
	at org.openqa.selenium.remote.HttpCommandExecutor.execute(HttpCommandExecutor.java:136)
	at org.openqa.selenium.remote.service.DriverCommandExecutor.execute(DriverCommandExecutor.java:83)
	at org.openqa.selenium.remote.RemoteWebDriver.execute(RemoteWebDriver.java:552)
	at org.openqa.selenium.remote.RemoteWebDriver.startSession(RemoteWebDriver.java:213)
	at org.openqa.selenium.remote.RemoteWebDriver.<init>(RemoteWebDriver.java:131)
	at org.openqa.selenium.chrome.ChromeDriver.<init>(ChromeDriver.java:181)
	at org.openqa.selenium.chrome.ChromeDriver.<init>(ChromeDriver.java:168)
	at org.openqa.selenium.chrome.ChromeDriver.<init>(ChromeDriver.java:123)
	at customerMigration.migrationEntry.migrationFunction(migrationEntry.java:31)
	at sun.reflect.NativeMethodAccessorImpl.invoke0(Native Method)
	at sun.reflect.NativeMethodAccessorImpl.invoke(Unknown Source)
	at sun.reflect.DelegatingMethodAccessorImpl.invoke(Unknown Source)
	at java.lang.reflect.Method.invoke(Unknown Source)
	at org.testng.internal.MethodInvocationHelper.invokeMethod(MethodInvocationHelper.java:86)
	at org.testng.internal.Invoker.invokeMethod(Invoker.java:646)
	at org.testng.internal.Invoker.invokeTestMethod(Invoker.java:823)
	at org.testng.internal.Invoker.invokeTestMethods(Invoker.java:1131)
	at org.testng.internal.TestMethodWorker.invokeTestMethods(TestMethodWorker.java:129)
	at org.testng.internal.TestMethodWorker.run(TestMethodWorker.java:112)
	at java.util.concurrent.ThreadPoolExecutor.runWorker(Unknown Source)
	at java.util.concurrent.ThreadPoolExecutor$Worker.run(Unknown Source)
	at java.lang.Thread.run(Unknown Source)
]]>
            </full-stacktrace>
          </exception> <!-- org.openqa.selenium.SessionNotCreatedException -->
          <reporter-output>
          </reporter-output>
        </test-method> <!-- migrationFunction -->
        <test-method status="FAIL" signature="migrationFunction([Ljava.lang.String;)[pri:0, instance:customerMigration.migrationEntry@7c16905e]" name="migrationFunction" duration-ms="1287" started-at="2023-07-10T10:21:44Z" data-provider="registrationGroup" finished-at="2023-07-10T10:21:45Z">
          <params>
            <param index="0">
              <value>
                <![CDATA[[Ljava.lang.String;@343f4d3d]]>
              </value>
            </param>
          </params>
          <exception class="org.openqa.selenium.SessionNotCreatedException">
            <message>
              <![CDATA[session not created: This version of ChromeDriver only supports Chrome version 104
Current browser version is 114.0.5735.199 with binary path C:\Program Files (x86)\Google\Chrome\Application\chrome.exe
Build info: version: '3.141.59', revision: 'e82be7d358', time: '2018-11-14T08:25:48'
System info: host: 'ATLRW-ARIFFAMM1', ip: '10.11.11.54', os.name: 'Windows 10', os.arch: 'amd64', os.version: '10.0', java.version: '1.8.0_152'
Driver info: driver.version: ChromeDriver
remote stacktrace: Backtrace:
	Ordinal0 [0x00CE78B3+2193587]
	Ordinal0 [0x00C80681+1771137]
	Ordinal0 [0x00B941A8+803240]
	Ordinal0 [0x00BB5CC3+941251]
	Ordinal0 [0x00BB13EF+922607]
	Ordinal0 [0x00BAEBC1+912321]
	Ordinal0 [0x00BE23B0+1123248]
	Ordinal0 [0x00BE200A+1122314]
	Ordinal0 [0x00BDD5C6+1103302]
	Ordinal0 [0x00BB77E0+948192]
	Ordinal0 [0x00BB86E6+952038]
	GetHandleVerifier [0x00F90CB2+2738370]
	GetHandleVerifier [0x00F821B8+2678216]
	GetHandleVerifier [0x00D717AA+512954]
	GetHandleVerifier [0x00D70856+509030]
	Ordinal0 [0x00C8743B+1799227]
	Ordinal0 [0x00C8BB68+1817448]
	Ordinal0 [0x00C8BC55+1817685]
	Ordinal0 [0x00C95230+1856048]
	BaseThreadInitThunk [0x77668674+36]
	RtlGetAppContainerNamedObjectPath [0x77C25EC7+311]
	RtlGetAppContainerNamedObjectPath [0x77C25E97+263]
]]>
            </message>
            <full-stacktrace>
              <![CDATA[org.openqa.selenium.SessionNotCreatedException: session not created: This version of ChromeDriver only supports Chrome version 104
Current browser version is 114.0.5735.199 with binary path C:\Program Files (x86)\Google\Chrome\Application\chrome.exe
Build info: version: '3.141.59', revision: 'e82be7d358', time: '2018-11-14T08:25:48'
System info: host: 'ATLRW-ARIFFAMM1', ip: '10.11.11.54', os.name: 'Windows 10', os.arch: 'amd64', os.version: '10.0', java.version: '1.8.0_152'
Driver info: driver.version: ChromeDriver
remote stacktrace: Backtrace:
	Ordinal0 [0x00CE78B3+2193587]
	Ordinal0 [0x00C80681+1771137]
	Ordinal0 [0x00B941A8+803240]
	Ordinal0 [0x00BB5CC3+941251]
	Ordinal0 [0x00BB13EF+922607]
	Ordinal0 [0x00BAEBC1+912321]
	Ordinal0 [0x00BE23B0+1123248]
	Ordinal0 [0x00BE200A+1122314]
	Ordinal0 [0x00BDD5C6+1103302]
	Ordinal0 [0x00BB77E0+948192]
	Ordinal0 [0x00BB86E6+952038]
	GetHandleVerifier [0x00F90CB2+2738370]
	GetHandleVerifier [0x00F821B8+2678216]
	GetHandleVerifier [0x00D717AA+512954]
	GetHandleVerifier [0x00D70856+509030]
	Ordinal0 [0x00C8743B+1799227]
	Ordinal0 [0x00C8BB68+1817448]
	Ordinal0 [0x00C8BC55+1817685]
	Ordinal0 [0x00C95230+1856048]
	BaseThreadInitThunk [0x77668674+36]
	RtlGetAppContainerNamedObjectPath [0x77C25EC7+311]
	RtlGetAppContainerNamedObjectPath [0x77C25E97+263]

	at sun.reflect.NativeConstructorAccessorImpl.newInstance0(Native Method)
	at sun.reflect.NativeConstructorAccessorImpl.newInstance(Unknown Source)
	at sun.reflect.DelegatingConstructorAccessorImpl.newInstance(Unknown Source)
	at java.lang.reflect.Constructor.newInstance(Unknown Source)
	at org.openqa.selenium.remote.W3CHandshakeResponse.lambda$errorHandler$0(W3CHandshakeResponse.java:62)
	at org.openqa.selenium.remote.HandshakeResponse.lambda$getResponseFunction$0(HandshakeResponse.java:30)
	at org.openqa.selenium.remote.ProtocolHandshake.lambda$createSession$0(ProtocolHandshake.java:126)
	at java.util.stream.ReferencePipeline$3$1.accept(Unknown Source)
	at java.util.Spliterators$ArraySpliterator.tryAdvance(Unknown Source)
	at java.util.stream.ReferencePipeline.forEachWithCancel(Unknown Source)
	at java.util.stream.AbstractPipeline.copyIntoWithCancel(Unknown Source)
	at java.util.stream.AbstractPipeline.copyInto(Unknown Source)
	at java.util.stream.AbstractPipeline.wrapAndCopyInto(Unknown Source)
	at java.util.stream.FindOps$FindOp.evaluateSequential(Unknown Source)
	at java.util.stream.AbstractPipeline.evaluate(Unknown Source)
	at java.util.stream.ReferencePipeline.findFirst(Unknown Source)
	at org.openqa.selenium.remote.ProtocolHandshake.createSession(ProtocolHandshake.java:128)
	at org.openqa.selenium.remote.ProtocolHandshake.createSession(ProtocolHandshake.java:74)
	at org.openqa.selenium.remote.HttpCommandExecutor.execute(HttpCommandExecutor.java:136)
	at org.openqa.selenium.remote.service.DriverCommandExecutor.execute(DriverCommandExecutor.java:83)
	at org.openqa.selenium.remote.RemoteWebDriver.execute(RemoteWebDriver.java:552)
	at org.openqa.selenium.remote.RemoteWebDriver.startSession(RemoteWebDriver.java:213)
	at org.openqa.selenium.remote.RemoteWebDriver.<init>(RemoteWebDriver.java:131)
	at org.openqa.selenium.chrome.ChromeDriver.<init>(ChromeDriver.java:181)
	at org.openqa.selenium.chrome.ChromeDriver.<init>(ChromeDriver.java:168)
	at org.openqa.selenium.chrome.ChromeDriver.<init>(ChromeDriver.java:123)
	at customerMigration.migrationEntry.migrationFunction(migrationEntry.java:31)
	at sun.reflect.NativeMethodAccessorImpl.invoke0(Native Method)
	at sun.reflect.NativeMethodAccessorImpl.invoke(Unknown Source)
	at sun.reflect.DelegatingMethodAccessorImpl.invoke(Unknown Source)
	at java.lang.reflect.Method.invoke(Unknown Source)
	at org.testng.internal.MethodInvocationHelper.invokeMethod(MethodInvocationHelper.java:86)
	at org.testng.internal.Invoker.invokeMethod(Invoker.java:646)
	at org.testng.internal.Invoker.invokeTestMethod(Invoker.java:823)
	at org.testng.internal.Invoker.invokeTestMethods(Invoker.java:1131)
	at org.testng.internal.TestMethodWorker.invokeTestMethods(TestMethodWorker.java:129)
	at org.testng.internal.TestMethodWorker.run(TestMethodWorker.java:112)
	at java.util.concurrent.ThreadPoolExecutor.runWorker(Unknown Source)
	at java.util.concurrent.ThreadPoolExecutor$Worker.run(Unknown Source)
	at java.lang.Thread.run(Unknown Source)
]]>
            </full-stacktrace>
          </exception> <!-- org.openqa.selenium.SessionNotCreatedException -->
          <reporter-output>
          </reporter-output>
        </test-method> <!-- migrationFunction -->
      </class> <!-- customerMigration.migrationEntry -->
    </test> <!-- Test -->
  </suite> <!-- Suite -->
</testng-results>
